<?xml version="1.0" encoding="UTF-8"?>
<testng-results ignored="0" total="1" passed="1" failed="0" skipped="0">
  <reporter-output>
  </reporter-output>
  <suite started-at="2024-05-08T18:43:10 GMT+01:00" name="Suite" finished-at="2024-05-08T18:43:20 GMT+01:00" duration-ms="9631">
    <groups>
    </groups>
    <test started-at="2024-05-08T18:43:10 GMT+01:00" name="Test" finished-at="2024-05-08T18:43:20 GMT+01:00" duration-ms="9631">
      <class name="com.todos.tests.AddTodoTest">
        <test-method is-config="true" signature="setupTest(java.lang.String)[pri:0, instance:com.todos.tests.AddTodoTest@6a192cfe]" started-at="2024-05-08T18:43:10 GMT+01:00" name="setupTest" finished-at="2024-05-08T18:43:19 GMT+01:00" duration-ms="8670" status="PASS">
          <params>
            <param index="0">
              <value>
                <![CDATA[chrome]]>
              </value>
            </param>
          </params>
          <reporter-output>
          </reporter-output>
        </test-method> <!-- setupTest -->
        <test-method signature="iCanAddTodo()[pri:0, instance:com.todos.tests.AddTodoTest@6a192cfe]" started-at="2024-05-08T18:43:19 GMT+01:00" name="iCanAddTodo" finished-at="2024-05-08T18:43:20 GMT+01:00" duration-ms="574" status="PASS">
          <reporter-output>
          </reporter-output>
        </test-method> <!-- iCanAddTodo -->
        <test-method is-config="true" signature="tearDown()[pri:0, instance:com.todos.tests.AddTodoTest@6a192cfe]" started-at="2024-05-08T18:43:20 GMT+01:00" name="tearDown" finished-at="2024-05-08T18:43:20 GMT+01:00" duration-ms="353" status="PASS">
          <reporter-output>
          </reporter-output>
        </test-method> <!-- tearDown -->
      </class> <!-- com.todos.tests.AddTodoTest -->
    </test> <!-- Test -->
  </suite> <!-- Suite -->
</testng-results>
